<?xml version="1.0" encoding="UTF-8"?>
<!-- Generated by org.testng.reporters.JUnitXMLReporter -->
<testsuite ignored="0" hostname="DESKTOP-8BE00L8" failures="0" tests="10" name="Test" time="252.724" errors="0" timestamp="2021-11-18T17:13:57 IST">
  <testcase classname="com.mindtree.runner.BigSmallRunner" name="addToCartValidation" time="9.049"/>
  <testcase classname="com.mindtree.runner.BigSmallRunner" name="corporateGiftsValidation" time="11.437"/>
  <testcase classname="com.mindtree.runner.BigSmallRunner" name="countingLinks" time="0.332"/>
  <testcase classname="com.mindtree.runner.BigSmallRunner" name="dropdown" time="7.364"/>
  <testcase classname="com.mindtree.runner.BigSmallRunner" name="marvelPage" time="8.628"/>
  <testcase classname="com.mindtree.runner.BigSmallRunner" name="personalizedGiftsValidation" time="18.53"/>
  <testcase classname="com.mindtree.runner.BigSmallRunner" name="removeFromCartValidation" time="8.63"/>
  <testcase classname="com.mindtree.runner.BigSmallRunner" name="signinValidation" time="8.706"/>
  <testcase classname="com.mindtree.runner.BigSmallRunner" name="textBoxProductValidation" time="13.853"/>
  <testcase classname="com.mindtree.runner.BigSmallRunner" name="wishlistProductRemovalValidation" time="18.012"/>
</testsuite> <!-- Test -->
