<?xml version="1.0" encoding="UTF-8"?>
<!-- Generated by org.testng.reporters.JUnitXMLReporter -->
<testsuite hostname="DESKTOP-8BE00L8" ignored="0" name="Test" tests="12" failures="0" timestamp="2021-11-21T12:10:13 IST" time="525.014" errors="0">
  <testcase name="addAndRemoveFromCartValidation" time="44.411" classname="com.mindtree.runner.BigSmallRunner"/>
  <testcase name="addToWishListValidation" time="65.16" classname="com.mindtree.runner.BigSmallRunner"/>
  <testcase name="corporateGiftsValidation" time="37.862" classname="com.mindtree.runner.BigSmallRunner"/>
  <testcase name="countingLinks" time="23.909" classname="com.mindtree.runner.BigSmallRunner"/>
  <testcase name="dropdown" time="58.8" classname="com.mindtree.runner.BigSmallRunner"/>
  <testcase name="marvelPage" time="35.544" classname="com.mindtree.runner.BigSmallRunner"/>
  <testcase name="personalizedGiftsValidation" time="27.277" classname="com.mindtree.runner.BigSmallRunner"/>
  <testcase name="signinValidation" time="29.444" classname="com.mindtree.runner.BigSmallRunner"/>
  <testcase name="textBoxValidation" time="28.474" classname="com.mindtree.runner.BigSmallRunner"/>
  <testcase name="textBoxValidation" time="28.7" classname="com.mindtree.runner.BigSmallRunner"/>
  <testcase name="textBoxValidation" time="30.326" classname="com.mindtree.runner.BigSmallRunner"/>
  <testcase name="wishlistProductRemovalValidation" time="57.73" classname="com.mindtree.runner.BigSmallRunner"/>
</testsuite> <!-- Test -->
