<?xml version="1.0" encoding="UTF-8"?>
<!-- Generated by org.testng.reporters.JUnitXMLReporter -->
<testsuite ignored="0" hostname="DESKTOP-8BE00L8" failures="0" tests="12" name="Test" time="303.344" errors="0" timestamp="2021-11-20T18:20:53 IST">
  <testcase classname="com.mindtree.runner.BigSmallRunner" name="addAndRemoveFromCartValidation" time="23.762"/>
  <testcase classname="com.mindtree.runner.BigSmallRunner" name="addToWishListValidation" time="23.116"/>
  <testcase classname="com.mindtree.runner.BigSmallRunner" name="corporateGiftsValidation" time="17.633"/>
  <testcase classname="com.mindtree.runner.BigSmallRunner" name="countingLinks" time="8.097"/>
  <testcase classname="com.mindtree.runner.BigSmallRunner" name="dropdown" time="27.785"/>
  <testcase classname="com.mindtree.runner.BigSmallRunner" name="marvelPage" time="16.531"/>
  <testcase classname="com.mindtree.runner.BigSmallRunner" name="personalizedGiftsValidation" time="21.251"/>
  <testcase classname="com.mindtree.runner.BigSmallRunner" name="signinValidation" time="18.466"/>
  <testcase classname="com.mindtree.runner.BigSmallRunner" name="textBoxValidation" time="10.667"/>
  <testcase classname="com.mindtree.runner.BigSmallRunner" name="textBoxValidation" time="10.119"/>
  <testcase classname="com.mindtree.runner.BigSmallRunner" name="textBoxValidation" time="16.429"/>
  <testcase classname="com.mindtree.runner.BigSmallRunner" name="wishlistProductRemovalValidation" time="28.753"/>
</testsuite> <!-- Test -->
