<?xml version="1.0" encoding="UTF-8"?>
<testsuite xmlns:xsi="http://www.w3.org/2001/XMLSchema-instance" xsi:schemaLocation="https://maven.apache.org/surefire/maven-surefire-plugin/xsd/surefire-test-report.xsd" name="TestSuite" time="259.047" tests="10" errors="0" skipped="0" failures="0">
  <properties>
[...]
</properties>
  <testcase name="addToCartValidation" classname="com.mindtree.runner.BigSmallRunner" time="9.335"/>
  <testcase name="corporateGiftsValidation" classname="com.mindtree.runner.BigSmallRunner" time="8.529"/>
  <testcase name="countingLinks" classname="com.mindtree.runner.BigSmallRunner" time="0.085"/>
  <testcase name="dropdown" classname="com.mindtree.runner.BigSmallRunner" time="14.716"/>
  <testcase name="marvelPage" classname="com.mindtree.runner.BigSmallRunner" time="11.158"/>
  <testcase name="personalizedGiftsValidation" classname="com.mindtree.runner.BigSmallRunner" time="15.221"/>
  <testcase name="removeFromCartValidation" classname="com.mindtree.runner.BigSmallRunner" time="13.47"/>
  <testcase name="signinValidation" classname="com.mindtree.runner.BigSmallRunner" time="8.738"/>
  <testcase name="textBoxProductValidation" classname="com.mindtree.runner.BigSmallRunner" time="18.43"/>
  <testcase name="wishlistProductRemovalValidation" classname="com.mindtree.runner.BigSmallRunner" time="17.382"/>
</testsuite>