<?xml version="1.0" encoding="UTF-8"?>
<testng-results ignored="0" total="10" passed="10" failed="0" skipped="0">
  <reporter-output>
  </reporter-output>
  <suite started-at="2021-11-18T18:06:17 IST" name="Suite" finished-at="2021-11-18T18:10:34 IST" duration-ms="257023">
    <groups>
    </groups>
    <test started-at="2021-11-18T18:06:17 IST" name="Test" finished-at="2021-11-18T18:10:34 IST" duration-ms="257023">
      <class name="com.mindtree.runner.BigSmallRunner">
        <test-method is-config="true" signature="browserInvoke()[pri:0, instance:com.mindtree.runner.BigSmallRunner@34997338]" started-at="2021-11-18T18:06:17 IST" name="browserInvoke" finished-at="2021-11-18T18:06:29 IST" duration-ms="12247" status="PASS">
          <reporter-output>
          </reporter-output>
        </test-method> <!-- browserInvoke -->
        <test-method signature="addToCartValidation()[pri:0, instance:com.mindtree.runner.BigSmallRunner@34997338]" started-at="2021-11-18T18:06:29 IST" name="addToCartValidation" finished-at="2021-11-18T18:06:39 IST" duration-ms="9334" status="PASS">
          <reporter-output>
          </reporter-output>
        </test-method> <!-- addToCartValidation -->
        <test-method is-config="true" signature="closeBrowser()[pri:0, instance:com.mindtree.runner.BigSmallRunner@34997338]" started-at="2021-11-18T18:06:39 IST" name="closeBrowser" finished-at="2021-11-18T18:06:39 IST" duration-ms="256" status="PASS">
          <reporter-output>
          </reporter-output>
        </test-method> <!-- closeBrowser -->
        <test-method is-config="true" signature="browserInvoke()[pri:0, instance:com.mindtree.runner.BigSmallRunner@34997338]" started-at="2021-11-18T18:06:39 IST" name="browserInvoke" finished-at="2021-11-18T18:06:53 IST" duration-ms="13829" status="PASS">
          <reporter-output>
          </reporter-output>
        </test-method> <!-- browserInvoke -->
        <test-method signature="corporateGiftsValidation()[pri:0, instance:com.mindtree.runner.BigSmallRunner@34997338]" started-at="2021-11-18T18:06:53 IST" name="corporateGiftsValidation" finished-at="2021-11-18T18:07:02 IST" duration-ms="8528" status="PASS">
          <reporter-output>
          </reporter-output>
        </test-method> <!-- corporateGiftsValidation -->
        <test-method is-config="true" signature="closeBrowser()[pri:0, instance:com.mindtree.runner.BigSmallRunner@34997338]" started-at="2021-11-18T18:07:02 IST" name="closeBrowser" finished-at="2021-11-18T18:07:02 IST" duration-ms="580" status="PASS">
          <reporter-output>
          </reporter-output>
        </test-method> <!-- closeBrowser -->
        <test-method is-config="true" signature="browserInvoke()[pri:0, instance:com.mindtree.runner.BigSmallRunner@34997338]" started-at="2021-11-18T18:07:02 IST" name="browserInvoke" finished-at="2021-11-18T18:07:16 IST" duration-ms="13964" status="PASS">
          <reporter-output>
          </reporter-output>
        </test-method> <!-- browserInvoke -->
        <test-method signature="countingLinks()[pri:0, instance:com.mindtree.runner.BigSmallRunner@34997338]" started-at="2021-11-18T18:07:16 IST" name="countingLinks" finished-at="2021-11-18T18:07:16 IST" duration-ms="85" status="PASS">
          <reporter-output>
          </reporter-output>
        </test-method> <!-- countingLinks -->
        <test-method is-config="true" signature="closeBrowser()[pri:0, instance:com.mindtree.runner.BigSmallRunner@34997338]" started-at="2021-11-18T18:07:17 IST" name="closeBrowser" finished-at="2021-11-18T18:07:17 IST" duration-ms="203" status="PASS">
          <reporter-output>
          </reporter-output>
        </test-method> <!-- closeBrowser -->
        <test-method is-config="true" signature="browserInvoke()[pri:0, instance:com.mindtree.runner.BigSmallRunner@34997338]" started-at="2021-11-18T18:07:17 IST" name="browserInvoke" finished-at="2021-11-18T18:07:29 IST" duration-ms="12607" status="PASS">
          <reporter-output>
          </reporter-output>
        </test-method> <!-- browserInvoke -->
        <test-method signature="dropdown()[pri:0, instance:com.mindtree.runner.BigSmallRunner@34997338]" started-at="2021-11-18T18:07:29 IST" name="dropdown" finished-at="2021-11-18T18:07:44 IST" duration-ms="14716" status="PASS">
          <reporter-output>
          </reporter-output>
        </test-method> <!-- dropdown -->
        <test-method is-config="true" signature="closeBrowser()[pri:0, instance:com.mindtree.runner.BigSmallRunner@34997338]" started-at="2021-11-18T18:07:44 IST" name="closeBrowser" finished-at="2021-11-18T18:07:45 IST" duration-ms="481" status="PASS">
          <reporter-output>
          </reporter-output>
        </test-method> <!-- closeBrowser -->
        <test-method is-config="true" signature="browserInvoke()[pri:0, instance:com.mindtree.runner.BigSmallRunner@34997338]" started-at="2021-11-18T18:07:45 IST" name="browserInvoke" finished-at="2021-11-18T18:08:00 IST" duration-ms="14865" status="PASS">
          <reporter-output>
          </reporter-output>
        </test-method> <!-- browserInvoke -->
        <test-method signature="marvelPage()[pri:0, instance:com.mindtree.runner.BigSmallRunner@34997338]" started-at="2021-11-18T18:08:00 IST" name="marvelPage" finished-at="2021-11-18T18:08:11 IST" duration-ms="11158" status="PASS">
          <reporter-output>
          </reporter-output>
        </test-method> <!-- marvelPage -->
        <test-method is-config="true" signature="closeBrowser()[pri:0, instance:com.mindtree.runner.BigSmallRunner@34997338]" started-at="2021-11-18T18:08:11 IST" name="closeBrowser" finished-at="2021-11-18T18:08:11 IST" duration-ms="416" status="PASS">
          <reporter-output>
          </reporter-output>
        </test-method> <!-- closeBrowser -->
        <test-method is-config="true" signature="browserInvoke()[pri:0, instance:com.mindtree.runner.BigSmallRunner@34997338]" started-at="2021-11-18T18:08:11 IST" name="browserInvoke" finished-at="2021-11-18T18:08:25 IST" duration-ms="13580" status="PASS">
          <reporter-output>
          </reporter-output>
        </test-method> <!-- browserInvoke -->
        <test-method signature="personalizedGiftsValidation()[pri:0, instance:com.mindtree.runner.BigSmallRunner@34997338]" started-at="2021-11-18T18:08:25 IST" name="personalizedGiftsValidation" finished-at="2021-11-18T18:08:40 IST" duration-ms="15226" status="PASS">
          <reporter-output>
          </reporter-output>
        </test-method> <!-- personalizedGiftsValidation -->
        <test-method is-config="true" signature="closeBrowser()[pri:0, instance:com.mindtree.runner.BigSmallRunner@34997338]" started-at="2021-11-18T18:08:41 IST" name="closeBrowser" finished-at="2021-11-18T18:08:41 IST" duration-ms="529" status="PASS">
          <reporter-output>
          </reporter-output>
        </test-method> <!-- closeBrowser -->
        <test-method is-config="true" signature="browserInvoke()[pri:0, instance:com.mindtree.runner.BigSmallRunner@34997338]" started-at="2021-11-18T18:08:41 IST" name="browserInvoke" finished-at="2021-11-18T18:08:57 IST" duration-ms="15673" status="PASS">
          <reporter-output>
          </reporter-output>
        </test-method> <!-- browserInvoke -->
        <test-method signature="removeFromCartValidation()[pri:0, instance:com.mindtree.runner.BigSmallRunner@34997338]" started-at="2021-11-18T18:08:57 IST" name="removeFromCartValidation" finished-at="2021-11-18T18:09:10 IST" duration-ms="13469" status="PASS">
          <reporter-output>
          </reporter-output>
        </test-method> <!-- removeFromCartValidation -->
        <test-method is-config="true" signature="closeBrowser()[pri:0, instance:com.mindtree.runner.BigSmallRunner@34997338]" started-at="2021-11-18T18:09:11 IST" name="closeBrowser" finished-at="2021-11-18T18:09:11 IST" duration-ms="287" status="PASS">
          <reporter-output>
          </reporter-output>
        </test-method> <!-- closeBrowser -->
        <test-method is-config="true" signature="browserInvoke()[pri:0, instance:com.mindtree.runner.BigSmallRunner@34997338]" started-at="2021-11-18T18:09:11 IST" name="browserInvoke" finished-at="2021-11-18T18:09:21 IST" duration-ms="10036" status="PASS">
          <reporter-output>
          </reporter-output>
        </test-method> <!-- browserInvoke -->
        <test-method signature="signinValidation()[pri:0, instance:com.mindtree.runner.BigSmallRunner@34997338]" started-at="2021-11-18T18:09:21 IST" name="signinValidation" finished-at="2021-11-18T18:09:30 IST" duration-ms="8738" status="PASS">
          <reporter-output>
          </reporter-output>
        </test-method> <!-- signinValidation -->
        <test-method is-config="true" signature="closeBrowser()[pri:0, instance:com.mindtree.runner.BigSmallRunner@34997338]" started-at="2021-11-18T18:09:30 IST" name="closeBrowser" finished-at="2021-11-18T18:09:30 IST" duration-ms="384" status="PASS">
          <reporter-output>
          </reporter-output>
        </test-method> <!-- closeBrowser -->
        <test-method is-config="true" signature="browserInvoke()[pri:0, instance:com.mindtree.runner.BigSmallRunner@34997338]" started-at="2021-11-18T18:09:30 IST" name="browserInvoke" finished-at="2021-11-18T18:09:44 IST" duration-ms="14265" status="PASS">
          <reporter-output>
          </reporter-output>
        </test-method> <!-- browserInvoke -->
        <test-method signature="textBoxProductValidation()[pri:0, instance:com.mindtree.runner.BigSmallRunner@34997338]" started-at="2021-11-18T18:09:44 IST" name="textBoxProductValidation" finished-at="2021-11-18T18:10:03 IST" duration-ms="18430" status="PASS">
          <reporter-output>
          </reporter-output>
        </test-method> <!-- textBoxProductValidation -->
        <test-method is-config="true" signature="closeBrowser()[pri:0, instance:com.mindtree.runner.BigSmallRunner@34997338]" started-at="2021-11-18T18:10:03 IST" name="closeBrowser" finished-at="2021-11-18T18:10:04 IST" duration-ms="812" status="PASS">
          <reporter-output>
          </reporter-output>
        </test-method> <!-- closeBrowser -->
        <test-method is-config="true" signature="browserInvoke()[pri:0, instance:com.mindtree.runner.BigSmallRunner@34997338]" started-at="2021-11-18T18:10:04 IST" name="browserInvoke" finished-at="2021-11-18T18:10:16 IST" duration-ms="12136" status="PASS">
          <reporter-output>
          </reporter-output>
        </test-method> <!-- browserInvoke -->
        <test-method signature="wishlistProductRemovalValidation()[pri:0, instance:com.mindtree.runner.BigSmallRunner@34997338]" started-at="2021-11-18T18:10:16 IST" name="wishlistProductRemovalValidation" finished-at="2021-11-18T18:10:33 IST" duration-ms="17382" status="PASS">
          <reporter-output>
          </reporter-output>
        </test-method> <!-- wishlistProductRemovalValidation -->
        <test-method is-config="true" signature="closeBrowser()[pri:0, instance:com.mindtree.runner.BigSmallRunner@34997338]" started-at="2021-11-18T18:10:34 IST" name="closeBrowser" finished-at="2021-11-18T18:10:34 IST" duration-ms="383" status="PASS">
          <reporter-output>
          </reporter-output>
        </test-method> <!-- closeBrowser -->
      </class> <!-- com.mindtree.runner.BigSmallRunner -->
    </test> <!-- Test -->
  </suite> <!-- Suite -->
</testng-results>
