<?xml version="1.0" encoding="UTF-8"?>
<testng-results skipped="0" failed="0" ignored="0" total="12" passed="12">
  <reporter-output>
  </reporter-output>
  <suite name="Suite" duration-ms="525014" started-at="2021-11-21T12:01:27 IST" finished-at="2021-11-21T12:10:12 IST">
    <groups>
    </groups>
    <test name="Test" duration-ms="525014" started-at="2021-11-21T12:01:27 IST" finished-at="2021-11-21T12:10:12 IST">
      <class name="com.mindtree.runner.BigSmallRunner">
        <test-method status="PASS" signature="browserInvoke()[pri:0, instance:com.mindtree.runner.BigSmallRunner@fd07cbb]" name="browserInvoke" is-config="true" duration-ms="4888" started-at="2021-11-21T12:01:28 IST" finished-at="2021-11-21T12:01:32 IST">
          <reporter-output>
          </reporter-output>
        </test-method> <!-- browserInvoke -->
        <test-method status="PASS" signature="addAndRemoveFromCartValidation()[pri:0, instance:com.mindtree.runner.BigSmallRunner@fd07cbb]" name="addAndRemoveFromCartValidation" duration-ms="44411" started-at="2021-11-21T12:01:32 IST" finished-at="2021-11-21T12:02:17 IST">
          <reporter-output>
          </reporter-output>
        </test-method> <!-- addAndRemoveFromCartValidation -->
        <test-method status="PASS" signature="closeBrowser()[pri:0, instance:com.mindtree.runner.BigSmallRunner@fd07cbb]" name="closeBrowser" is-config="true" duration-ms="912" started-at="2021-11-21T12:02:17 IST" finished-at="2021-11-21T12:02:18 IST">
          <reporter-output>
          </reporter-output>
        </test-method> <!-- closeBrowser -->
        <test-method status="PASS" signature="browserInvoke()[pri:0, instance:com.mindtree.runner.BigSmallRunner@fd07cbb]" name="browserInvoke" is-config="true" duration-ms="2505" started-at="2021-11-21T12:02:18 IST" finished-at="2021-11-21T12:02:21 IST">
          <reporter-output>
          </reporter-output>
        </test-method> <!-- browserInvoke -->
        <test-method status="PASS" signature="addToWishListValidation()[pri:0, instance:com.mindtree.runner.BigSmallRunner@fd07cbb]" name="addToWishListValidation" duration-ms="65160" started-at="2021-11-21T12:02:21 IST" finished-at="2021-11-21T12:03:26 IST">
          <reporter-output>
          </reporter-output>
        </test-method> <!-- addToWishListValidation -->
        <test-method status="PASS" signature="closeBrowser()[pri:0, instance:com.mindtree.runner.BigSmallRunner@fd07cbb]" name="closeBrowser" is-config="true" duration-ms="809" started-at="2021-11-21T12:03:26 IST" finished-at="2021-11-21T12:03:27 IST">
          <reporter-output>
          </reporter-output>
        </test-method> <!-- closeBrowser -->
        <test-method status="PASS" signature="browserInvoke()[pri:0, instance:com.mindtree.runner.BigSmallRunner@fd07cbb]" name="browserInvoke" is-config="true" duration-ms="2723" started-at="2021-11-21T12:03:27 IST" finished-at="2021-11-21T12:03:30 IST">
          <reporter-output>
          </reporter-output>
        </test-method> <!-- browserInvoke -->
        <test-method status="PASS" signature="corporateGiftsValidation()[pri:0, instance:com.mindtree.runner.BigSmallRunner@fd07cbb]" name="corporateGiftsValidation" duration-ms="37862" started-at="2021-11-21T12:03:30 IST" finished-at="2021-11-21T12:04:07 IST">
          <reporter-output>
          </reporter-output>
        </test-method> <!-- corporateGiftsValidation -->
        <test-method status="PASS" signature="closeBrowser()[pri:0, instance:com.mindtree.runner.BigSmallRunner@fd07cbb]" name="closeBrowser" is-config="true" duration-ms="787" started-at="2021-11-21T12:04:08 IST" finished-at="2021-11-21T12:04:09 IST">
          <reporter-output>
          </reporter-output>
        </test-method> <!-- closeBrowser -->
        <test-method status="PASS" signature="browserInvoke()[pri:0, instance:com.mindtree.runner.BigSmallRunner@fd07cbb]" name="browserInvoke" is-config="true" duration-ms="3046" started-at="2021-11-21T12:04:09 IST" finished-at="2021-11-21T12:04:12 IST">
          <reporter-output>
          </reporter-output>
        </test-method> <!-- browserInvoke -->
        <test-method status="PASS" signature="countingLinks()[pri:0, instance:com.mindtree.runner.BigSmallRunner@fd07cbb]" name="countingLinks" duration-ms="23909" started-at="2021-11-21T12:04:12 IST" finished-at="2021-11-21T12:04:35 IST">
          <reporter-output>
          </reporter-output>
        </test-method> <!-- countingLinks -->
        <test-method status="PASS" signature="closeBrowser()[pri:0, instance:com.mindtree.runner.BigSmallRunner@fd07cbb]" name="closeBrowser" is-config="true" duration-ms="826" started-at="2021-11-21T12:04:36 IST" finished-at="2021-11-21T12:04:36 IST">
          <reporter-output>
          </reporter-output>
        </test-method> <!-- closeBrowser -->
        <test-method status="PASS" signature="browserInvoke()[pri:0, instance:com.mindtree.runner.BigSmallRunner@fd07cbb]" name="browserInvoke" is-config="true" duration-ms="2533" started-at="2021-11-21T12:04:36 IST" finished-at="2021-11-21T12:04:39 IST">
          <reporter-output>
          </reporter-output>
        </test-method> <!-- browserInvoke -->
        <test-method status="PASS" signature="dropdown()[pri:0, instance:com.mindtree.runner.BigSmallRunner@fd07cbb]" name="dropdown" duration-ms="58800" started-at="2021-11-21T12:04:39 IST" finished-at="2021-11-21T12:05:38 IST">
          <reporter-output>
          </reporter-output>
        </test-method> <!-- dropdown -->
        <test-method status="PASS" signature="closeBrowser()[pri:0, instance:com.mindtree.runner.BigSmallRunner@fd07cbb]" name="closeBrowser" is-config="true" duration-ms="1054" started-at="2021-11-21T12:05:38 IST" finished-at="2021-11-21T12:05:39 IST">
          <reporter-output>
          </reporter-output>
        </test-method> <!-- closeBrowser -->
        <test-method status="PASS" signature="browserInvoke()[pri:0, instance:com.mindtree.runner.BigSmallRunner@fd07cbb]" name="browserInvoke" is-config="true" duration-ms="3120" started-at="2021-11-21T12:05:39 IST" finished-at="2021-11-21T12:05:42 IST">
          <reporter-output>
          </reporter-output>
        </test-method> <!-- browserInvoke -->
        <test-method status="PASS" signature="marvelPage()[pri:0, instance:com.mindtree.runner.BigSmallRunner@fd07cbb]" name="marvelPage" duration-ms="35544" started-at="2021-11-21T12:05:42 IST" finished-at="2021-11-21T12:06:18 IST">
          <reporter-output>
          </reporter-output>
        </test-method> <!-- marvelPage -->
        <test-method status="PASS" signature="closeBrowser()[pri:0, instance:com.mindtree.runner.BigSmallRunner@fd07cbb]" name="closeBrowser" is-config="true" duration-ms="766" started-at="2021-11-21T12:06:18 IST" finished-at="2021-11-21T12:06:19 IST">
          <reporter-output>
          </reporter-output>
        </test-method> <!-- closeBrowser -->
        <test-method status="PASS" signature="browserInvoke()[pri:0, instance:com.mindtree.runner.BigSmallRunner@fd07cbb]" name="browserInvoke" is-config="true" duration-ms="3599" started-at="2021-11-21T12:06:19 IST" finished-at="2021-11-21T12:06:23 IST">
          <reporter-output>
          </reporter-output>
        </test-method> <!-- browserInvoke -->
        <test-method status="PASS" signature="personalizedGiftsValidation()[pri:0, instance:com.mindtree.runner.BigSmallRunner@fd07cbb]" name="personalizedGiftsValidation" duration-ms="27277" started-at="2021-11-21T12:06:23 IST" finished-at="2021-11-21T12:06:50 IST">
          <reporter-output>
          </reporter-output>
        </test-method> <!-- personalizedGiftsValidation -->
        <test-method status="PASS" signature="closeBrowser()[pri:0, instance:com.mindtree.runner.BigSmallRunner@fd07cbb]" name="closeBrowser" is-config="true" duration-ms="1368" started-at="2021-11-21T12:06:50 IST" finished-at="2021-11-21T12:06:52 IST">
          <reporter-output>
          </reporter-output>
        </test-method> <!-- closeBrowser -->
        <test-method status="PASS" signature="browserInvoke()[pri:0, instance:com.mindtree.runner.BigSmallRunner@fd07cbb]" name="browserInvoke" is-config="true" duration-ms="2732" started-at="2021-11-21T12:06:52 IST" finished-at="2021-11-21T12:06:54 IST">
          <reporter-output>
          </reporter-output>
        </test-method> <!-- browserInvoke -->
        <test-method status="PASS" signature="signinValidation()[pri:0, instance:com.mindtree.runner.BigSmallRunner@fd07cbb]" name="signinValidation" duration-ms="29444" started-at="2021-11-21T12:06:54 IST" finished-at="2021-11-21T12:07:24 IST">
          <reporter-output>
          </reporter-output>
        </test-method> <!-- signinValidation -->
        <test-method status="PASS" signature="closeBrowser()[pri:0, instance:com.mindtree.runner.BigSmallRunner@fd07cbb]" name="closeBrowser" is-config="true" duration-ms="826" started-at="2021-11-21T12:07:24 IST" finished-at="2021-11-21T12:07:25 IST">
          <reporter-output>
          </reporter-output>
        </test-method> <!-- closeBrowser -->
        <test-method status="PASS" signature="browserInvoke()[pri:0, instance:com.mindtree.runner.BigSmallRunner@fd07cbb]" name="browserInvoke" is-config="true" duration-ms="2243" started-at="2021-11-21T12:07:28 IST" finished-at="2021-11-21T12:07:30 IST">
          <reporter-output>
          </reporter-output>
        </test-method> <!-- browserInvoke -->
        <test-method status="PASS" signature="textBoxValidation(java.lang.String)[pri:0, instance:com.mindtree.runner.BigSmallRunner@fd07cbb]" name="textBoxValidation" duration-ms="28474" started-at="2021-11-21T12:07:30 IST" data-provider="getdata" finished-at="2021-11-21T12:07:58 IST">
          <params>
            <param index="0">
              <value>
                <![CDATA[key chains]]>
              </value>
            </param>
          </params>
          <reporter-output>
          </reporter-output>
        </test-method> <!-- textBoxValidation -->
        <test-method status="PASS" signature="closeBrowser()[pri:0, instance:com.mindtree.runner.BigSmallRunner@fd07cbb]" name="closeBrowser" is-config="true" duration-ms="1263" started-at="2021-11-21T12:07:59 IST" finished-at="2021-11-21T12:08:00 IST">
          <reporter-output>
          </reporter-output>
        </test-method> <!-- closeBrowser -->
        <test-method status="PASS" signature="browserInvoke()[pri:0, instance:com.mindtree.runner.BigSmallRunner@fd07cbb]" name="browserInvoke" is-config="true" duration-ms="3613" started-at="2021-11-21T12:08:00 IST" finished-at="2021-11-21T12:08:04 IST">
          <reporter-output>
          </reporter-output>
        </test-method> <!-- browserInvoke -->
        <test-method status="PASS" signature="textBoxValidation(java.lang.String)[pri:0, instance:com.mindtree.runner.BigSmallRunner@fd07cbb]" name="textBoxValidation" duration-ms="28700" started-at="2021-11-21T12:08:04 IST" data-provider="getdata" finished-at="2021-11-21T12:08:32 IST">
          <params>
            <param index="0">
              <value>
                <![CDATA[santa]]>
              </value>
            </param>
          </params>
          <reporter-output>
          </reporter-output>
        </test-method> <!-- textBoxValidation -->
        <test-method status="PASS" signature="closeBrowser()[pri:0, instance:com.mindtree.runner.BigSmallRunner@fd07cbb]" name="closeBrowser" is-config="true" duration-ms="777" started-at="2021-11-21T12:08:32 IST" finished-at="2021-11-21T12:08:33 IST">
          <reporter-output>
          </reporter-output>
        </test-method> <!-- closeBrowser -->
        <test-method status="PASS" signature="browserInvoke()[pri:0, instance:com.mindtree.runner.BigSmallRunner@fd07cbb]" name="browserInvoke" is-config="true" duration-ms="4750" started-at="2021-11-21T12:08:33 IST" finished-at="2021-11-21T12:08:38 IST">
          <reporter-output>
          </reporter-output>
        </test-method> <!-- browserInvoke -->
        <test-method status="PASS" signature="textBoxValidation(java.lang.String)[pri:0, instance:com.mindtree.runner.BigSmallRunner@fd07cbb]" name="textBoxValidation" duration-ms="30326" started-at="2021-11-21T12:08:38 IST" data-provider="getdata" finished-at="2021-11-21T12:09:08 IST">
          <params>
            <param index="0">
              <value>
                <![CDATA[Led Lights]]>
              </value>
            </param>
          </params>
          <reporter-output>
          </reporter-output>
        </test-method> <!-- textBoxValidation -->
        <test-method status="PASS" signature="closeBrowser()[pri:0, instance:com.mindtree.runner.BigSmallRunner@fd07cbb]" name="closeBrowser" is-config="true" duration-ms="1427" started-at="2021-11-21T12:09:09 IST" finished-at="2021-11-21T12:09:10 IST">
          <reporter-output>
          </reporter-output>
        </test-method> <!-- closeBrowser -->
        <test-method status="PASS" signature="browserInvoke()[pri:0, instance:com.mindtree.runner.BigSmallRunner@fd07cbb]" name="browserInvoke" is-config="true" duration-ms="3288" started-at="2021-11-21T12:09:10 IST" finished-at="2021-11-21T12:09:13 IST">
          <reporter-output>
          </reporter-output>
        </test-method> <!-- browserInvoke -->
        <test-method status="PASS" signature="wishlistProductRemovalValidation()[pri:0, instance:com.mindtree.runner.BigSmallRunner@fd07cbb]" name="wishlistProductRemovalValidation" duration-ms="57730" started-at="2021-11-21T12:09:13 IST" finished-at="2021-11-21T12:10:11 IST">
          <reporter-output>
          </reporter-output>
        </test-method> <!-- wishlistProductRemovalValidation -->
        <test-method status="PASS" signature="closeBrowser()[pri:0, instance:com.mindtree.runner.BigSmallRunner@fd07cbb]" name="closeBrowser" is-config="true" duration-ms="846" started-at="2021-11-21T12:10:12 IST" finished-at="2021-11-21T12:10:12 IST">
          <reporter-output>
          </reporter-output>
        </test-method> <!-- closeBrowser -->
      </class> <!-- com.mindtree.runner.BigSmallRunner -->
    </test> <!-- Test -->
  </suite> <!-- Suite -->
</testng-results>
