<?xml version="1.0" encoding="UTF-8"?>
<testng-results ignored="0" total="10" passed="10" failed="0" skipped="0">
  <reporter-output>
  </reporter-output>
  <suite started-at="2021-11-18T17:09:45 IST" name="Suite" finished-at="2021-11-18T17:13:57 IST" duration-ms="252724">
    <groups>
    </groups>
    <test started-at="2021-11-18T17:09:45 IST" name="Test" finished-at="2021-11-18T17:13:57 IST" duration-ms="252724">
      <class name="com.mindtree.runner.BigSmallRunner">
        <test-method is-config="true" signature="browserInvoke()[pri:0, instance:com.mindtree.runner.BigSmallRunner@65aa6596]" started-at="2021-11-18T17:09:45 IST" name="browserInvoke" finished-at="2021-11-18T17:10:02 IST" duration-ms="17536" status="PASS">
          <reporter-output>
          </reporter-output>
        </test-method> <!-- browserInvoke -->
        <test-method signature="addToCartValidation()[pri:0, instance:com.mindtree.runner.BigSmallRunner@65aa6596]" started-at="2021-11-18T17:10:02 IST" name="addToCartValidation" finished-at="2021-11-18T17:10:11 IST" duration-ms="9049" status="PASS">
          <reporter-output>
          </reporter-output>
        </test-method> <!-- addToCartValidation -->
        <test-method is-config="true" signature="closeBrowser()[pri:0, instance:com.mindtree.runner.BigSmallRunner@65aa6596]" started-at="2021-11-18T17:10:11 IST" name="closeBrowser" finished-at="2021-11-18T17:10:12 IST" duration-ms="390" status="PASS">
          <reporter-output>
          </reporter-output>
        </test-method> <!-- closeBrowser -->
        <test-method is-config="true" signature="browserInvoke()[pri:0, instance:com.mindtree.runner.BigSmallRunner@65aa6596]" started-at="2021-11-18T17:10:12 IST" name="browserInvoke" finished-at="2021-11-18T17:10:27 IST" duration-ms="15098" status="PASS">
          <reporter-output>
          </reporter-output>
        </test-method> <!-- browserInvoke -->
        <test-method signature="corporateGiftsValidation()[pri:0, instance:com.mindtree.runner.BigSmallRunner@65aa6596]" started-at="2021-11-18T17:10:27 IST" name="corporateGiftsValidation" finished-at="2021-11-18T17:10:38 IST" duration-ms="11437" status="PASS">
          <reporter-output>
          </reporter-output>
        </test-method> <!-- corporateGiftsValidation -->
        <test-method is-config="true" signature="closeBrowser()[pri:0, instance:com.mindtree.runner.BigSmallRunner@65aa6596]" started-at="2021-11-18T17:10:39 IST" name="closeBrowser" finished-at="2021-11-18T17:10:39 IST" duration-ms="327" status="PASS">
          <reporter-output>
          </reporter-output>
        </test-method> <!-- closeBrowser -->
        <test-method is-config="true" signature="browserInvoke()[pri:0, instance:com.mindtree.runner.BigSmallRunner@65aa6596]" started-at="2021-11-18T17:10:39 IST" name="browserInvoke" finished-at="2021-11-18T17:10:53 IST" duration-ms="14478" status="PASS">
          <reporter-output>
          </reporter-output>
        </test-method> <!-- browserInvoke -->
        <test-method signature="countingLinks()[pri:0, instance:com.mindtree.runner.BigSmallRunner@65aa6596]" started-at="2021-11-18T17:10:53 IST" name="countingLinks" finished-at="2021-11-18T17:10:54 IST" duration-ms="332" status="PASS">
          <reporter-output>
          </reporter-output>
        </test-method> <!-- countingLinks -->
        <test-method is-config="true" signature="closeBrowser()[pri:0, instance:com.mindtree.runner.BigSmallRunner@65aa6596]" started-at="2021-11-18T17:10:54 IST" name="closeBrowser" finished-at="2021-11-18T17:10:54 IST" duration-ms="362" status="PASS">
          <reporter-output>
          </reporter-output>
        </test-method> <!-- closeBrowser -->
        <test-method is-config="true" signature="browserInvoke()[pri:0, instance:com.mindtree.runner.BigSmallRunner@65aa6596]" started-at="2021-11-18T17:10:54 IST" name="browserInvoke" finished-at="2021-11-18T17:11:09 IST" duration-ms="14852" status="PASS">
          <reporter-output>
          </reporter-output>
        </test-method> <!-- browserInvoke -->
        <test-method signature="dropdown()[pri:0, instance:com.mindtree.runner.BigSmallRunner@65aa6596]" started-at="2021-11-18T17:11:09 IST" name="dropdown" finished-at="2021-11-18T17:11:16 IST" duration-ms="7364" status="PASS">
          <reporter-output>
          </reporter-output>
        </test-method> <!-- dropdown -->
        <test-method is-config="true" signature="closeBrowser()[pri:0, instance:com.mindtree.runner.BigSmallRunner@65aa6596]" started-at="2021-11-18T17:11:17 IST" name="closeBrowser" finished-at="2021-11-18T17:11:17 IST" duration-ms="440" status="PASS">
          <reporter-output>
          </reporter-output>
        </test-method> <!-- closeBrowser -->
        <test-method is-config="true" signature="browserInvoke()[pri:0, instance:com.mindtree.runner.BigSmallRunner@65aa6596]" started-at="2021-11-18T17:11:17 IST" name="browserInvoke" finished-at="2021-11-18T17:11:29 IST" duration-ms="11622" status="PASS">
          <reporter-output>
          </reporter-output>
        </test-method> <!-- browserInvoke -->
        <test-method signature="marvelPage()[pri:0, instance:com.mindtree.runner.BigSmallRunner@65aa6596]" started-at="2021-11-18T17:11:29 IST" name="marvelPage" finished-at="2021-11-18T17:11:37 IST" duration-ms="8628" status="PASS">
          <reporter-output>
          </reporter-output>
        </test-method> <!-- marvelPage -->
        <test-method is-config="true" signature="closeBrowser()[pri:0, instance:com.mindtree.runner.BigSmallRunner@65aa6596]" started-at="2021-11-18T17:11:38 IST" name="closeBrowser" finished-at="2021-11-18T17:11:39 IST" duration-ms="1803" status="PASS">
          <reporter-output>
          </reporter-output>
        </test-method> <!-- closeBrowser -->
        <test-method is-config="true" signature="browserInvoke()[pri:0, instance:com.mindtree.runner.BigSmallRunner@65aa6596]" started-at="2021-11-18T17:11:39 IST" name="browserInvoke" finished-at="2021-11-18T17:11:50 IST" duration-ms="10081" status="PASS">
          <reporter-output>
          </reporter-output>
        </test-method> <!-- browserInvoke -->
        <test-method signature="personalizedGiftsValidation()[pri:0, instance:com.mindtree.runner.BigSmallRunner@65aa6596]" started-at="2021-11-18T17:11:50 IST" name="personalizedGiftsValidation" finished-at="2021-11-18T17:12:08 IST" duration-ms="18530" status="PASS">
          <reporter-output>
          </reporter-output>
        </test-method> <!-- personalizedGiftsValidation -->
        <test-method is-config="true" signature="closeBrowser()[pri:0, instance:com.mindtree.runner.BigSmallRunner@65aa6596]" started-at="2021-11-18T17:12:08 IST" name="closeBrowser" finished-at="2021-11-18T17:12:09 IST" duration-ms="329" status="PASS">
          <reporter-output>
          </reporter-output>
        </test-method> <!-- closeBrowser -->
        <test-method is-config="true" signature="browserInvoke()[pri:0, instance:com.mindtree.runner.BigSmallRunner@65aa6596]" started-at="2021-11-18T17:12:09 IST" name="browserInvoke" finished-at="2021-11-18T17:12:18 IST" duration-ms="9597" status="PASS">
          <reporter-output>
          </reporter-output>
        </test-method> <!-- browserInvoke -->
        <test-method signature="removeFromCartValidation()[pri:0, instance:com.mindtree.runner.BigSmallRunner@65aa6596]" started-at="2021-11-18T17:12:18 IST" name="removeFromCartValidation" finished-at="2021-11-18T17:12:27 IST" duration-ms="8630" status="PASS">
          <reporter-output>
          </reporter-output>
        </test-method> <!-- removeFromCartValidation -->
        <test-method is-config="true" signature="closeBrowser()[pri:0, instance:com.mindtree.runner.BigSmallRunner@65aa6596]" started-at="2021-11-18T17:12:27 IST" name="closeBrowser" finished-at="2021-11-18T17:12:27 IST" duration-ms="351" status="PASS">
          <reporter-output>
          </reporter-output>
        </test-method> <!-- closeBrowser -->
        <test-method is-config="true" signature="browserInvoke()[pri:0, instance:com.mindtree.runner.BigSmallRunner@65aa6596]" started-at="2021-11-18T17:12:27 IST" name="browserInvoke" finished-at="2021-11-18T17:12:45 IST" duration-ms="17162" status="PASS">
          <reporter-output>
          </reporter-output>
        </test-method> <!-- browserInvoke -->
        <test-method signature="signinValidation()[pri:0, instance:com.mindtree.runner.BigSmallRunner@65aa6596]" started-at="2021-11-18T17:12:45 IST" name="signinValidation" finished-at="2021-11-18T17:12:53 IST" duration-ms="8706" status="PASS">
          <reporter-output>
          </reporter-output>
        </test-method> <!-- signinValidation -->
        <test-method is-config="true" signature="closeBrowser()[pri:0, instance:com.mindtree.runner.BigSmallRunner@65aa6596]" started-at="2021-11-18T17:12:54 IST" name="closeBrowser" finished-at="2021-11-18T17:12:54 IST" duration-ms="384" status="PASS">
          <reporter-output>
          </reporter-output>
        </test-method> <!-- closeBrowser -->
        <test-method is-config="true" signature="browserInvoke()[pri:0, instance:com.mindtree.runner.BigSmallRunner@65aa6596]" started-at="2021-11-18T17:12:54 IST" name="browserInvoke" finished-at="2021-11-18T17:13:10 IST" duration-ms="16078" status="PASS">
          <reporter-output>
          </reporter-output>
        </test-method> <!-- browserInvoke -->
        <test-method signature="textBoxProductValidation()[pri:0, instance:com.mindtree.runner.BigSmallRunner@65aa6596]" started-at="2021-11-18T17:13:10 IST" name="textBoxProductValidation" finished-at="2021-11-18T17:13:24 IST" duration-ms="13853" status="PASS">
          <reporter-output>
          </reporter-output>
        </test-method> <!-- textBoxProductValidation -->
        <test-method is-config="true" signature="closeBrowser()[pri:0, instance:com.mindtree.runner.BigSmallRunner@65aa6596]" started-at="2021-11-18T17:13:24 IST" name="closeBrowser" finished-at="2021-11-18T17:13:25 IST" duration-ms="1000" status="PASS">
          <reporter-output>
          </reporter-output>
        </test-method> <!-- closeBrowser -->
        <test-method is-config="true" signature="browserInvoke()[pri:0, instance:com.mindtree.runner.BigSmallRunner@65aa6596]" started-at="2021-11-18T17:13:25 IST" name="browserInvoke" finished-at="2021-11-18T17:13:39 IST" duration-ms="13761" status="PASS">
          <reporter-output>
          </reporter-output>
        </test-method> <!-- browserInvoke -->
        <test-method signature="wishlistProductRemovalValidation()[pri:0, instance:com.mindtree.runner.BigSmallRunner@65aa6596]" started-at="2021-11-18T17:13:39 IST" name="wishlistProductRemovalValidation" finished-at="2021-11-18T17:13:57 IST" duration-ms="18012" status="PASS">
          <reporter-output>
          </reporter-output>
        </test-method> <!-- wishlistProductRemovalValidation -->
        <test-method is-config="true" signature="closeBrowser()[pri:0, instance:com.mindtree.runner.BigSmallRunner@65aa6596]" started-at="2021-11-18T17:13:57 IST" name="closeBrowser" finished-at="2021-11-18T17:13:57 IST" duration-ms="360" status="PASS">
          <reporter-output>
          </reporter-output>
        </test-method> <!-- closeBrowser -->
      </class> <!-- com.mindtree.runner.BigSmallRunner -->
    </test> <!-- Test -->
  </suite> <!-- Suite -->
</testng-results>
