<?xml version="1.0" encoding="UTF-8"?>
<testng-results ignored="0" total="1" passed="1" failed="0" skipped="0">
  <reporter-output>
  </reporter-output>
  <suite started-at="2021-11-20T12:03:14 IST" name="Suite" finished-at="2021-11-20T12:03:34 IST" duration-ms="20408">
    <groups>
    </groups>
    <test started-at="2021-11-20T12:03:14 IST" name="Test" finished-at="2021-11-20T12:03:34 IST" duration-ms="20408">
      <class name="com.mindtree.runner.BigSmallRunner">
        <test-method is-config="true" signature="browserInvoke()[pri:0, instance:com.mindtree.runner.BigSmallRunner@2c7d121c]" started-at="2021-11-20T12:03:14 IST" name="browserInvoke" finished-at="2021-11-20T12:03:16 IST" duration-ms="2716" status="PASS">
          <reporter-output>
          </reporter-output>
        </test-method> <!-- browserInvoke -->
        <test-method signature="removeFromCartValidation()[pri:0, instance:com.mindtree.runner.BigSmallRunner@2c7d121c]" started-at="2021-11-20T12:03:16 IST" name="removeFromCartValidation" finished-at="2021-11-20T12:03:34 IST" duration-ms="17304" status="PASS">
          <reporter-output>
          </reporter-output>
        </test-method> <!-- removeFromCartValidation -->
      </class> <!-- com.mindtree.runner.BigSmallRunner -->
    </test> <!-- Test -->
  </suite> <!-- Suite -->
</testng-results>
